
*** Running xst
    with args -ifn "proc_system_stub.xst" -ofn "proc_system_stub.srp" -intstyle ise

Reading design: proc_system_stub.prj

=========================================================================
*                          HDL Parsing                                  *
=========================================================================
Parsing VHDL file "C:/Xilinx/Projects/zed_first_custom_hw/zed_first_custom_hw.srcs/sources_1/edk/proc_system/hdl/proc_system.vhd" into library work
Parsing entity <proc_system>.
Parsing architecture <STRUCTURE> of entity <proc_system>.
Parsing VHDL file "C:/Xilinx/Projects/zed_first_custom_hw/zed_first_custom_hw.srcs/sources_1/edk/proc_system/proc_system_stub.vhd" into library work
Parsing entity <proc_system_stub>.
Parsing architecture <STRUCTURE> of entity <proc_system_stub>.

=========================================================================
*                            HDL Elaboration                            *
=========================================================================

Elaborating entity <proc_system_stub> (architecture <STRUCTURE>) from library <work>.

Elaborating entity <proc_system> (architecture <>) from library <work>.

=========================================================================
*                           HDL Synthesis                               *
=========================================================================

Synthesizing Unit <proc_system_stub>.
    Related source file is "C:/Xilinx/Projects/zed_first_custom_hw/zed_first_custom_hw.srcs/sources_1/edk/proc_system/proc_system_stub.vhd".
    Set property "BOX_TYPE = user_black_box" for instance <proc_system_i>.
    Summary:
	no macro.
Unit <proc_system_stub> synthesized.

=========================================================================
HDL Synthesis Report

Found no macro
=========================================================================

=========================================================================
*                       Advanced HDL Synthesis                          *
=========================================================================

Reading core <..\..\zed_first_custom_hw.srcs\sources_1\edk\proc_system\implementation/proc_system.ngc>.
Reading core <..\..\zed_first_custom_hw.srcs\sources_1\edk\proc_system\implementation/proc_system_processing_system7_0_wrapper.ngc>.
Reading core <..\..\zed_first_custom_hw.srcs\sources_1\edk\proc_system\implementation/proc_system_axi4lite_0_wrapper.ngc>.
Reading core <..\..\zed_first_custom_hw.srcs\sources_1\edk\proc_system\implementation/proc_system_leds_4bits_wrapper.ngc>.
Reading core <..\..\zed_first_custom_hw.srcs\sources_1\edk\proc_system\implementation/proc_system_gpio_sw_wrapper.ngc>.
Reading core <..\..\zed_first_custom_hw.srcs\sources_1\edk\proc_system\implementation/proc_system_simple_register_0_wrapper.ngc>.
Loading core <proc_system_processing_system7_0_wrapper> for timing and area information for instance <processing_system7_0>.
Loading core <proc_system_axi4lite_0_wrapper> for timing and area information for instance <axi4lite_0>.
Loading core <proc_system_leds_4bits_wrapper> for timing and area information for instance <LEDs_4Bits>.
Loading core <proc_system_gpio_sw_wrapper> for timing and area information for instance <GPIO_SW>.
Loading core <proc_system_simple_register_0_wrapper> for timing and area information for instance <simple_register_0>.
Loading core <proc_system> for timing and area information for instance <proc_system_i>.

=========================================================================
Advanced HDL Synthesis Report

Found no macro
=========================================================================

=========================================================================
*                         Low Level Synthesis                           *
=========================================================================

WARNING:Xst:528 - Multi-source in Unit <processing_system7_0> on signal <PS_SRSTB>; this signal is connected to multiple drivers.
Drivers are: 
   Primary input port <processing_system7_0_PS_SRSTB>
   Output port PS7:PSSRSTB of instance <proc_system_i/processing_system7_0/processing_system7_0/PS7_i>

WARNING:Xst:528 - Multi-source in Unit <processing_system7_0> on signal <PS_CLK>; this signal is connected to multiple drivers.
Drivers are: 
   Primary input port <processing_system7_0_PS_CLK>
   Output port PS7:PSCLK of instance <proc_system_i/processing_system7_0/processing_system7_0/PS7_i>

WARNING:Xst:528 - Multi-source in Unit <processing_system7_0> on signal <PS_PORB>; this signal is connected to multiple drivers.
Drivers are: 
   Primary input port <processing_system7_0_PS_PORB>
   Output port PS7:PSPORB of instance <proc_system_i/processing_system7_0/processing_system7_0/PS7_i>

Optimizing unit <proc_system_stub> ...

Mapping all equations...
Building and optimizing final netlist ...
Found area constraint ratio of 100 (+ 0) on block proc_system_stub, actual ratio is 0.
INFO:Xst:2260 - The FF/Latch <axi4lite_0/crossbar_samd/gen_sasd.crossbar_sasd_0/gen_crossbar.addr_arbiter_inst/grant_rnw> in Unit <axi4lite_0> is equivalent to the following 2 FFs/Latches : <axi4lite_0/crossbar_samd/gen_sasd.crossbar_sasd_0/gen_crossbar.addr_arbiter_inst/grant_rnw_1> <axi4lite_0/crossbar_samd/gen_sasd.crossbar_sasd_0/gen_crossbar.addr_arbiter_inst/grant_rnw_2> 
INFO:Xst:2260 - The FF/Latch <axi4lite_0/crossbar_samd/gen_sasd.crossbar_sasd_0/m_atarget_enc_1> in Unit <axi4lite_0> is equivalent to the following FF/Latch : <axi4lite_0/crossbar_samd/gen_sasd.crossbar_sasd_0/m_atarget_enc_1_1> 
INFO:Xst:2260 - The FF/Latch <simple_register_0/AXI_LITE_IPIF_I/I_SLAVE_ATTACHMENT/I_DECODER/cs_out_i_0> in Unit <simple_register_0> is equivalent to the following FF/Latch : <simple_register_0/AXI_LITE_IPIF_I/I_SLAVE_ATTACHMENT/I_DECODER/cs_out_i_0_1> 
INFO:Xst:2260 - The FF/Latch <simple_register_0/AXI_LITE_IPIF_I/I_SLAVE_ATTACHMENT/I_DECODER/Bus_RNW_reg> in Unit <simple_register_0> is equivalent to the following FF/Latch : <simple_register_0/AXI_LITE_IPIF_I/I_SLAVE_ATTACHMENT/I_DECODER/Bus_RNW_reg_1> 
INFO:Xst:2260 - The FF/Latch <axi4lite_0/crossbar_samd/gen_sasd.crossbar_sasd_0/gen_crossbar.addr_arbiter_inst/grant_rnw> in Unit <axi4lite_0> is equivalent to the following 2 FFs/Latches : <axi4lite_0/crossbar_samd/gen_sasd.crossbar_sasd_0/gen_crossbar.addr_arbiter_inst/grant_rnw_1> <axi4lite_0/crossbar_samd/gen_sasd.crossbar_sasd_0/gen_crossbar.addr_arbiter_inst/grant_rnw_2> 
INFO:Xst:2260 - The FF/Latch <axi4lite_0/crossbar_samd/gen_sasd.crossbar_sasd_0/m_atarget_enc_1> in Unit <axi4lite_0> is equivalent to the following FF/Latch : <axi4lite_0/crossbar_samd/gen_sasd.crossbar_sasd_0/m_atarget_enc_1_1> 
INFO:Xst:2260 - The FF/Latch <simple_register_0/AXI_LITE_IPIF_I/I_SLAVE_ATTACHMENT/I_DECODER/cs_out_i_0> in Unit <simple_register_0> is equivalent to the following FF/Latch : <simple_register_0/AXI_LITE_IPIF_I/I_SLAVE_ATTACHMENT/I_DECODER/cs_out_i_0_1> 
INFO:Xst:2260 - The FF/Latch <simple_register_0/AXI_LITE_IPIF_I/I_SLAVE_ATTACHMENT/I_DECODER/Bus_RNW_reg> in Unit <simple_register_0> is equivalent to the following FF/Latch : <simple_register_0/AXI_LITE_IPIF_I/I_SLAVE_ATTACHMENT/I_DECODER/Bus_RNW_reg_1> 
INFO:Xst:2260 - The FF/Latch <axi4lite_0/crossbar_samd/gen_sasd.crossbar_sasd_0/gen_crossbar.addr_arbiter_inst/grant_rnw> in Unit <axi4lite_0> is equivalent to the following 2 FFs/Latches : <axi4lite_0/crossbar_samd/gen_sasd.crossbar_sasd_0/gen_crossbar.addr_arbiter_inst/grant_rnw_1> <axi4lite_0/crossbar_samd/gen_sasd.crossbar_sasd_0/gen_crossbar.addr_arbiter_inst/grant_rnw_2> 
INFO:Xst:2260 - The FF/Latch <axi4lite_0/crossbar_samd/gen_sasd.crossbar_sasd_0/m_atarget_enc_1> in Unit <axi4lite_0> is equivalent to the following FF/Latch : <axi4lite_0/crossbar_samd/gen_sasd.crossbar_sasd_0/m_atarget_enc_1_1> 
INFO:Xst:2260 - The FF/Latch <simple_register_0/AXI_LITE_IPIF_I/I_SLAVE_ATTACHMENT/I_DECODER/cs_out_i_0> in Unit <simple_register_0> is equivalent to the following FF/Latch : <simple_register_0/AXI_LITE_IPIF_I/I_SLAVE_ATTACHMENT/I_DECODER/cs_out_i_0_1> 
INFO:Xst:2260 - The FF/Latch <simple_register_0/AXI_LITE_IPIF_I/I_SLAVE_ATTACHMENT/I_DECODER/Bus_RNW_reg> in Unit <simple_register_0> is equivalent to the following FF/Latch : <simple_register_0/AXI_LITE_IPIF_I/I_SLAVE_ATTACHMENT/I_DECODER/Bus_RNW_reg_1> 

Final Macro Processing ...

=========================================================================
Final Register Report

Found no macro
=========================================================================

=========================================================================
*                           Partition Report                            *
=========================================================================

Partition Implementation Status
-------------------------------

  No Partitions were found in this design.

-------------------------------

=========================================================================
*                            Design Summary                             *
=========================================================================

Clock Information:
------------------
------------------------------------------------------------------------------+------------------------+-------+
Clock Signal                                                                  | Clock buffer(FF name)  | Load  |
------------------------------------------------------------------------------+------------------------+-------+
proc_system_i/processing_system7_0/processing_system7_0/FCLK_CLK_unbuffered<0>| BUFG                   | 301   |
------------------------------------------------------------------------------+------------------------+-------+

Asynchronous Control Signals Information:
----------------------------------------
No asynchronous control signals found in this design

Timing Summary:
---------------
Speed Grade: -1

   Minimum period: 4.326ns (Maximum Frequency: 231.160MHz)
   Minimum input arrival time before clock: 4.520ns
   Maximum output required time after clock: 3.211ns
   Maximum combinational path delay: 3.671ns

=========================================================================
