Release 14.2 - platgen Xilinx EDK 14.2 Build EDK_P.28xd
 (nt64)
Copyright (c) 1995-2012 Xilinx, Inc.  All rights reserved.

Command Line: platgen -p xc7z020clg484-1 -lang vhdl -intstyle pa -stubgen
C:\Xilinx\Projects\zed_first_custom_hw\zed_first_custom_hw.srcs\sources_1\edk\pr
oc_system\proc_system.mhs 

Parse
C:/Xilinx/Projects/zed_first_custom_hw/zed_first_custom_hw.srcs/sources_1/edk/pr
oc_system/proc_system.mhs ...

Create merged mhs ...
WARNING:EDK:4092 - IPNAME: axi_interconnect, INSTANCE: axi4lite_0 -
   Pre-Production version not verified on hardware for architecture 'zynq' -
   C:\Xilinx\Projects\zed_first_custom_hw\zed_first_custom_hw.srcs\sources_1\edk
   \proc_system\proc_system.mhs line 39 
WARNING:EDK:4092 - IPNAME: axi_gpio, INSTANCE: LEDs_4Bits - Pre-Production
   version not verified on hardware for architecture 'zynq' -
   C:\Xilinx\Projects\zed_first_custom_hw\zed_first_custom_hw.srcs\sources_1\edk
   \proc_system\proc_system.mhs line 47 
WARNING:EDK:4092 - IPNAME: axi_gpio, INSTANCE: GPIO_SW - Pre-Production version
   not verified on hardware for architecture 'zynq' -
   C:\Xilinx\Projects\zed_first_custom_hw\zed_first_custom_hw.srcs\sources_1\edk
   \proc_system\proc_system.mhs line 61 
WARNING:EDK:4092 - IPNAME: processing_system7, INSTANCE: processing_system7_0 -
   Pre-Production version not verified on hardware for architecture 'zynq' -
   C:\Xilinx\Projects\zed_first_custom_hw\zed_first_custom_hw.srcs\sources_1\edk
   \proc_system\proc_system.mhs line 75 

Overriding IP level properties ...
INFO:EDK:4130 - IPNAME: axi_interconnect, INSTANCE:axi4lite_0 - tcl is
   overriding PARAMETER C_BASEFAMILY value to zynq -
   C:\Xilinx\14.2\ISE_DS\EDK\hw\XilinxProcessorIPLib\pcores\axi_interconnect_v1_
   06_a\data\axi_interconnect_v2_1_0.mpd line 80 
INFO:EDK:4130 - IPNAME: processing_system7, INSTANCE:processing_system7_0 - tcl
   is overriding PARAMETER C_NUM_F2P_INTR_INPUTS value to 1 -
   C:\Xilinx\14.2\ISE_DS\EDK\hw\XilinxProcessorIPLib\pcores\processing_system7_v
   4_01_a\data\processing_system7_v2_1_0.mpd line 314 

Computing clock values...
INFO:EDK:1432 - Frequency for Top-Level Input Clock
   'processing_system7_0_PS_CLK' is not specified. Clock DRCs will not be
   performed for IPs connected to that clock port, unless they are connected
   through the clock generator IP. 


Performing IP level DRCs on properties...

Running DRC Tcl procedures for OPTION IPLEVEL_DRC_PROC...
Address Map for Processor processing_system7_0
  (0x41200000-0x4120ffff) LEDs_4Bits	axi4lite_0
  (0x41220000-0x4122ffff) GPIO_SW	axi4lite_0
  (0x64800000-0x6480ffff) simple_register_0	axi4lite_0

Checking platform address map ...

Modify defaults ...

Creating stub ...

Elaborating instances ...

Inserting wrapper level ...

Writing (stub) BMM ...

Writing top-level HDL ...

Total run time: 5.00 seconds
